<?xml version="1.0" encoding="UTF-8" ?>
<testsuites errors="0"
            failures="1"
            tests="1">

  <testsuite name="math"
    errors="0" failures="1" hostname="" id="" package="math" skipped="0"
    tests="1" time="1.524" timestamp="">
  
    <testcase name="google" classname="math" time="1.524" assertions="2">

      <failure message="Testing if value of &lt;#username&gt; equals: &#34;kkdjs&#34; in 1000 ms. - expected [0;32m&#34;kkdjs&#34;[0m but got: [0;31m&#34;abc&#34;[0m">    at guide.scenario.map (/Users/letuananh/Documents/innovatube/auto-nightwatch/src/test.js:22:23)
    at Array.map (&lt;anonymous&gt;)
    at runAutomationTest (/Users/letuananh/Documents/innovatube/auto-nightwatch/src/test.js:16:20)
    at Object.google (/Users/letuananh/Documents/innovatube/auto-nightwatch/tests/math.js:6:5)</failure>

    <failure message="    at guide.scenario.map (/Users/letuananh/Documents/innovatube/auto-nightwatch/src/test.js:22:23)">    at Array.map (&lt;anonymous&gt;)
    at runAutomationTest (/Users/letuananh/Documents/innovatube/auto-nightwatch/src/test.js:16:20)
    at Object.google (/Users/letuananh/Documents/innovatube/auto-nightwatch/tests/math.js:6:5)</failure>
    </testcase>
  

  

  
  </testsuite>
</testsuites>
